2023-05-16 20:44:13 Loading main app package /tmp/.mount_ObsidiS8WPXc/resources/obsidian.asar
2023-05-16 20:44:14 Checking for update using Github
2023-05-16 20:44:14 Success.
2023-05-16 20:44:14 Latest version is 1.2.8
2023-05-16 20:44:14 App is up to date.
2023-05-16 20:49:20 Loading main app package /tmp/.mount_obsiditoVjCq/resources/obsidian.asar
2023-05-16 20:49:20 Checking for update using Github
2023-05-16 20:49:21 Success.
2023-05-16 20:49:21 Latest version is 1.2.8
2023-05-16 20:49:21 App is up to date.
2023-05-16 20:49:30 Loading main app package /tmp/.mount_obsidiRxf8BA/resources/obsidian.asar
2023-05-16 20:49:31 Checking for update using Github
2023-05-16 20:49:31 Success.
2023-05-16 20:49:31 Latest version is 1.2.8
2023-05-16 20:49:31 App is up to date.
2023-05-17 07:21:29 Checking for update using Github
2023-05-17 07:21:29 Success.
2023-05-17 07:21:29 Latest version is 1.2.8
2023-05-17 07:21:29 App is up to date.
2023-05-17 11:55:01 Loading main app package /tmp/.mount_obsidiqvvp3s/resources/obsidian.asar
2023-05-17 11:55:02 Checking for update using Github
2023-05-17 11:55:02 Success.
2023-05-17 11:55:02 Latest version is 1.2.8
2023-05-17 11:55:02 App is up to date.
2023-05-17 12:03:57 Loading main app package /tmp/.mount_obsidixhQCVV/resources/obsidian.asar
2023-05-17 12:03:58 Checking for update using Github
2023-05-17 12:03:59 Success.
2023-05-17 12:03:59 Latest version is 1.2.8
2023-05-17 12:03:59 App is up to date.
2023-05-17 12:05:44 Loading main app package /tmp/.mount_obsidiqCkH0Q/resources/obsidian.asar
2023-05-17 12:05:45 Checking for update using Github
2023-05-17 12:05:45 Success.
2023-05-17 12:05:45 Latest version is 1.2.8
2023-05-17 12:05:45 App is up to date.
2023-05-17 12:08:18 Loading main app package /tmp/.mount_obsidin7ab0A/resources/obsidian.asar
2023-05-17 12:08:19 Checking for update using Github
2023-05-17 12:08:20 Success.
2023-05-17 12:08:20 Latest version is 1.2.8
2023-05-17 12:08:20 App is up to date.
2023-05-17 12:08:30 Loading main app package /tmp/.mount_obsidiDEGb8K/resources/obsidian.asar
2023-05-17 12:08:31 Checking for update using Github
2023-05-17 12:08:31 Success.
2023-05-17 12:08:31 Latest version is 1.2.8
2023-05-17 12:08:31 App is up to date.
2023-05-17 12:08:47 Loading main app package /tmp/.mount_obsidiQebYPV/resources/obsidian.asar
2023-05-17 12:08:48 Checking for update using Github
2023-05-17 12:08:48 Success.
2023-05-17 12:08:48 Latest version is 1.2.8
2023-05-17 12:08:48 App is up to date.
2023-05-17 12:09:06 Loading main app package /tmp/.mount_obsidiNbCmhU/resources/obsidian.asar
2023-05-17 12:09:07 Checking for update using Github
2023-05-17 12:09:07 Success.
2023-05-17 12:09:07 Latest version is 1.2.8
2023-05-17 12:09:07 App is up to date.
2023-05-17 12:09:21 Loading main app package /tmp/.mount_obsidiFUNRxR/resources/obsidian.asar
2023-05-17 12:09:22 Checking for update using Github
2023-05-17 12:09:22 Success.
2023-05-17 12:09:22 Latest version is 1.2.8
2023-05-17 12:09:22 App is up to date.
2023-05-17 12:09:34 Loading main app package /tmp/.mount_obsidiiEg7EL/resources/obsidian.asar
2023-05-17 12:09:35 Checking for update using Github
2023-05-17 12:09:35 Success.
2023-05-17 12:09:35 Latest version is 1.2.8
2023-05-17 12:09:35 App is up to date.
2023-05-17 12:09:50 Loading main app package /tmp/.mount_obsidi8mj0Sp/resources/obsidian.asar
2023-05-17 12:09:51 Checking for update using Github
2023-05-17 12:09:51 Success.
2023-05-17 12:09:51 Latest version is 1.2.8
2023-05-17 12:09:51 App is up to date.
2023-05-17 12:10:15 Loading main app package /tmp/.mount_obsidiAwvqx2/resources/obsidian.asar
2023-05-17 12:10:16 Checking for update using Github
2023-05-17 12:10:16 Success.
2023-05-17 12:10:16 Latest version is 1.2.8
2023-05-17 12:10:16 App is up to date.
2023-05-17 12:10:27 Loading main app package /tmp/.mount_obsidiOdhVNo/resources/obsidian.asar
2023-05-17 12:10:28 Checking for update using Github
2023-05-17 12:10:28 Success.
2023-05-17 12:10:28 Latest version is 1.2.8
2023-05-17 12:10:28 App is up to date.
2023-05-17 12:11:50 Loading main app package /tmp/.mount_obsidi3mnfUb/resources/obsidian.asar
2023-05-17 12:11:51 Checking for update using Github
2023-05-17 12:11:51 Success.
2023-05-17 12:11:51 Latest version is 1.2.8
2023-05-17 12:11:51 App is up to date.
2023-05-17 12:13:11 Loading main app package /tmp/.mount_obsidiVpH95F/resources/obsidian.asar
2023-05-17 12:13:12 Checking for update using Github
2023-05-17 12:13:12 Success.
2023-05-17 12:13:12 Latest version is 1.2.8
2023-05-17 12:13:12 App is up to date.
2023-05-17 13:54:21 Loading main app package /tmp/.mount_obsidi9vKPha/resources/obsidian.asar
2023-05-17 13:54:22 Checking for update using Github
2023-05-17 13:54:22 Success.
2023-05-17 13:54:22 Latest version is 1.2.8
2023-05-17 13:54:22 App is up to date.
2023-05-17 15:13:43 Checking for update using Github
2023-05-17 15:13:43 Success.
2023-05-17 15:13:43 Latest version is 1.2.8
2023-05-17 15:13:43 App is up to date.
2023-05-17 16:13:43 Checking for update using Github
2023-05-17 16:13:43 Success.
2023-05-17 16:13:43 Latest version is 1.2.8
2023-05-17 16:13:43 App is up to date.
2023-05-17 20:23:04 Loading main app package /tmp/.mount_obsidiWDQlhS/resources/obsidian.asar
2023-05-17 20:23:04 Checking for update using Github
2023-05-17 20:23:05 Success.
2023-05-17 20:23:05 Latest version is 1.2.8
2023-05-17 20:23:05 App is up to date.
2023-05-18 11:13:55 Checking for update using Github
2023-05-18 11:13:55 Success.
2023-05-18 11:13:55 Latest version is 1.2.8
2023-05-18 11:13:55 App is up to date.
2023-05-18 12:43:03 Checking for update using Github
2023-05-18 12:43:03 Success.
2023-05-18 12:43:03 Latest version is 1.2.8
2023-05-18 12:43:03 App is up to date.
2023-05-18 14:15:54 Checking for update using Github
2023-05-18 14:15:54 Success.
2023-05-18 14:15:54 Latest version is 1.2.8
2023-05-18 14:15:54 App is up to date.
2023-05-18 19:11:04 Checking for update using Github
2023-05-18 19:11:04 Success.
2023-05-18 19:11:04 Latest version is 1.2.8
2023-05-18 19:11:04 App is up to date.
2023-05-19 09:44:02 Checking for update using Github
2023-05-19 09:44:03 Success.
2023-05-19 09:44:03 Latest version is 1.2.8
2023-05-19 09:44:03 App is up to date.
2023-05-19 11:29:52 Checking for update using Github
2023-05-19 11:29:52 Success.
2023-05-19 11:29:52 Latest version is 1.2.8
2023-05-19 11:29:52 App is up to date.
2023-05-19 12:29:53 Checking for update using Github
2023-05-19 12:29:53 Success.
2023-05-19 12:29:53 Latest version is 1.2.8
2023-05-19 12:29:53 App is up to date.
2023-05-19 15:15:10 Checking for update using Github
2023-05-19 15:15:10 Success.
2023-05-19 15:15:10 Latest version is 1.2.8
2023-05-19 15:15:10 App is up to date.
2023-05-19 16:15:10 Checking for update using Github
2023-05-19 16:15:10 Success.
2023-05-19 16:15:10 Latest version is 1.2.8
2023-05-19 16:15:10 App is up to date.
2023-05-19 17:15:10 Checking for update using Github
2023-05-19 17:15:10 Success.
2023-05-19 17:15:10 Latest version is 1.2.8
2023-05-19 17:15:10 App is up to date.
2023-05-21 06:48:46 Checking for update using Github
2023-05-21 06:48:46 Success.
2023-05-21 06:48:46 Latest version is 1.2.8
2023-05-21 06:48:46 App is up to date.
2023-05-21 08:42:50 Checking for update using Github
2023-05-21 08:42:51 Success.
2023-05-21 08:42:51 Latest version is 1.2.8
2023-05-21 08:42:51 App is up to date.
2023-05-21 09:42:50 Checking for update using Github
2023-05-21 09:42:50 Success.
2023-05-21 09:42:50 Latest version is 1.2.8
2023-05-21 09:42:50 App is up to date.
2023-05-21 10:14:09 Loading main app package /tmp/.mount_obsidiSTWCii/resources/obsidian.asar
2023-05-21 10:14:10 Checking for update using Github
2023-05-21 10:14:10 Success.
2023-05-21 10:14:10 Latest version is 1.2.8
2023-05-21 10:14:10 App is up to date.
2023-05-21 12:58:46 Checking for update using Github
2023-05-21 12:58:46 Success.
2023-05-21 12:58:46 Latest version is 1.2.8
2023-05-21 12:58:46 App is up to date.
2023-05-21 13:58:46 Checking for update using Github
2023-05-21 13:58:47 Success.
2023-05-21 13:58:47 Latest version is 1.2.8
2023-05-21 13:58:47 App is up to date.
2023-05-21 14:58:46 Checking for update using Github
2023-05-21 14:58:46 Success.
2023-05-21 14:58:46 Latest version is 1.2.8
2023-05-21 14:58:46 App is up to date.
2023-05-21 15:58:46 Checking for update using Github
2023-05-21 15:58:46 Success.
2023-05-21 15:58:46 Latest version is 1.2.8
2023-05-21 15:58:46 App is up to date.
2023-05-21 16:58:46 Checking for update using Github
2023-05-21 16:58:46 Success.
2023-05-21 16:58:46 Latest version is 1.2.8
2023-05-21 16:58:46 App is up to date.
2023-05-21 17:58:46 Checking for update using Github
2023-05-21 17:58:46 Success.
2023-05-21 17:58:46 Latest version is 1.2.8
2023-05-21 17:58:46 App is up to date.
2023-05-22 08:47:09 Loading main app package /tmp/.mount_obsidiAeRyHV/resources/obsidian.asar
2023-05-22 08:47:11 Checking for update using Github
2023-05-22 08:47:11 Success.
2023-05-22 08:47:11 Latest version is 1.2.8
2023-05-22 08:47:11 App is up to date.
2023-05-22 10:22:27 Checking for update using Github
2023-05-22 10:22:28 Success.
2023-05-22 10:22:28 Latest version is 1.2.8
2023-05-22 10:22:28 App is up to date.
2023-05-23 18:26:36 Loading main app package /tmp/.mount_obsidiA28LCN/resources/obsidian.asar
2023-05-23 18:26:37 Checking for update using Github
2023-05-23 18:26:37 Success.
2023-05-23 18:26:37 Latest version is 1.3.3
2023-05-23 18:26:37 Downloading update from https://github.com/obsidianmd/obsidian-releases/releases/download/v1.3.3/obsidian-1.3.3.asar.gz
2023-05-23 18:26:38 Verifying hash & signature. Size= 7575965
2023-05-23 18:26:38 Saving file
2023-05-23 18:26:38 Update complete.
2023-05-23 18:27:52 Loading updated app package /home/crybot/.config/obsidian/obsidian-1.3.3.asar
2023-05-23 18:27:53 Checking for update using Github
2023-05-23 18:27:53 Success.
2023-05-23 18:27:53 Latest version is 1.3.3
2023-05-23 18:27:53 App is up to date.
2023-05-23 20:07:14 Checking for update using Github
2023-05-23 20:07:14 Success.
2023-05-23 20:07:14 Latest version is 1.3.3
2023-05-23 20:07:14 App is up to date.
2023-05-24 12:17:39 Checking for update using Github
2023-05-24 12:17:39 Success.
2023-05-24 12:17:39 Latest version is 1.3.3
2023-05-24 12:17:39 App is up to date.
2023-05-24 15:16:15 Checking for update using Github
2023-05-24 15:16:15 Success.
2023-05-24 15:16:15 Latest version is 1.3.3
2023-05-24 15:16:15 App is up to date.
2023-05-24 16:16:15 Checking for update using Github
2023-05-24 16:16:15 Success.
2023-05-24 16:16:15 Latest version is 1.3.3
2023-05-24 16:16:15 App is up to date.
2023-05-25 08:16:10 Checking for update using Github
2023-05-25 08:16:10 Success.
2023-05-25 08:16:10 Latest version is 1.3.4
2023-05-25 08:16:10 Downloading update from https://github.com/obsidianmd/obsidian-releases/releases/download/v1.3.4/obsidian-1.3.4.asar.gz
2023-05-25 08:16:11 Verifying hash & signature. Size= 7579467
2023-05-25 08:16:11 Saving file
2023-05-25 08:16:12 Update complete.
2023-05-25 12:13:57 Checking for update using Github
2023-05-25 12:13:57 Success.
2023-05-25 12:13:57 Latest version is 1.3.4
2023-05-25 12:13:57 An update is already downloaded.
2023-05-25 13:28:03 Checking for update using Github
2023-05-25 13:28:03 Success.
2023-05-25 13:28:03 Latest version is 1.3.4
2023-05-25 13:28:03 An update is already downloaded.
2023-05-25 14:29:16 Checking for update using Github
2023-05-25 14:29:16 Success.
2023-05-25 14:29:16 Latest version is 1.3.4
2023-05-25 14:29:16 An update is already downloaded.
2023-05-26 08:19:52 Checking for update using Github
2023-05-26 08:19:52 Success.
2023-05-26 08:19:52 Latest version is 1.3.4
2023-05-26 08:19:52 An update is already downloaded.
2023-05-26 10:30:50 Loading updated app package /home/crybot/.config/obsidian/obsidian-1.3.4.asar
2023-05-26 10:30:51 Checking for update using Github
2023-05-26 10:30:51 Success.
2023-05-26 10:30:51 Latest version is 1.3.4
2023-05-26 10:30:51 App is up to date.
2023-05-26 10:43:03 Loading updated app package /home/crybot/.config/obsidian/obsidian-1.3.4.asar
2023-05-26 10:43:04 Checking for update using Github
2023-05-26 10:43:04 Success.
2023-05-26 10:43:04 Latest version is 1.3.4
2023-05-26 10:43:04 App is up to date.
2023-05-26 10:45:58 Loading updated app package /home/crybot/.config/obsidian/obsidian-1.3.4.asar
2023-05-26 10:45:59 Checking for update using Github
2023-05-26 10:45:59 Success.
2023-05-26 10:45:59 Latest version is 1.3.4
2023-05-26 10:45:59 App is up to date.
2023-05-26 10:47:57 Loading updated app package /home/crybot/.config/obsidian/obsidian-1.3.4.asar
2023-05-26 10:47:58 Checking for update using Github
2023-05-26 10:47:58 Success.
2023-05-26 10:47:58 Latest version is 1.3.4
2023-05-26 10:47:58 App is up to date.
2023-05-26 11:47:57 Checking for update using Github
2023-05-26 11:47:57 Success.
2023-05-26 11:47:57 Latest version is 1.3.4
2023-05-26 11:47:57 App is up to date.
2023-05-26 12:26:21 Loading updated app package /home/crybot/.config/obsidian/obsidian-1.3.4.asar
2023-05-26 12:26:22 Checking for update using Github
2023-05-26 12:26:23 Success.
2023-05-26 12:26:23 Latest version is 1.3.4
2023-05-26 12:26:23 App is up to date.
2023-05-26 12:29:13 Loading updated app package /home/crybot/.config/obsidian/obsidian-1.3.4.asar
2023-05-26 12:29:14 Checking for update using Github
2023-05-26 12:29:14 Success.
2023-05-26 12:29:14 Latest version is 1.3.4
2023-05-26 12:29:14 App is up to date.
2023-05-26 12:31:53 Loading updated app package /home/crybot/.config/obsidian/obsidian-1.3.4.asar
2023-05-26 12:31:53 Checking for update using Github
2023-05-26 12:31:54 Success.
2023-05-26 12:31:54 Latest version is 1.3.4
2023-05-26 12:31:54 App is up to date.
2023-05-26 12:39:27 Loading updated app package /home/crybot/.config/obsidian/obsidian-1.3.4.asar
2023-05-26 12:39:28 Checking for update using Github
2023-05-26 12:39:28 Success.
2023-05-26 12:39:28 Latest version is 1.3.4
2023-05-26 12:39:28 App is up to date.
2023-05-26 13:14:10 Loading updated app package /home/crybot/.config/obsidian/obsidian-1.3.4.asar
2023-05-26 13:14:10 Checking for update using Github
2023-05-26 13:14:11 Success.
2023-05-26 13:14:11 Latest version is 1.3.4
2023-05-26 13:14:11 App is up to date.
2023-05-26 13:42:09 Loading updated app package /home/crybot/.config/obsidian/obsidian-1.3.4.asar
2023-05-26 13:42:10 Checking for update using Github
2023-05-26 13:42:10 Success.
2023-05-26 13:42:10 Latest version is 1.3.4
2023-05-26 13:42:10 App is up to date.
2023-05-26 14:29:21 Loading updated app package /home/crybot/.config/obsidian/obsidian-1.3.4.asar
2023-05-26 14:29:21 Checking for update using Github
2023-05-26 14:29:21 Success.
2023-05-26 14:29:21 Latest version is 1.3.4
2023-05-26 14:29:21 App is up to date.
2023-05-27 13:43:50 Checking for update using Github
2023-05-27 13:44:20 Failed to check for update using Github (net::ERR_TIMED_OUT)
2023-05-27 13:44:20 Checking for update using obsidian.md
2023-05-27 13:44:50 Failed to check for update using obsidian.md (net::ERR_TIMED_OUT)
2023-05-31 10:36:27 Loading updated app package /home/crybot/.config/obsidian/obsidian-1.3.4.asar
2023-05-31 10:36:28 Checking for update using Github
2023-05-31 10:36:28 Success.
2023-05-31 10:36:28 Latest version is 1.3.4
2023-05-31 10:36:28 App is up to date.
2023-05-31 10:48:37 Loading updated app package /home/crybot/.config/obsidian/obsidian-1.3.4.asar
2023-05-31 10:48:38 Checking for update using Github
2023-05-31 10:48:38 Success.
2023-05-31 10:48:38 Latest version is 1.3.4
2023-05-31 10:48:38 App is up to date.
2023-05-31 14:13:38 Checking for update using Github
2023-05-31 14:13:38 Success.
2023-05-31 14:13:38 Latest version is 1.3.4
2023-05-31 14:13:38 App is up to date.
2023-05-31 19:12:43 Checking for update using Github
2023-05-31 19:12:43 Success.
2023-05-31 19:12:43 Latest version is 1.3.4
2023-05-31 19:12:43 App is up to date.
2023-05-31 20:12:43 Checking for update using Github
2023-05-31 20:12:43 Success.
2023-05-31 20:12:43 Latest version is 1.3.4
2023-05-31 20:12:43 App is up to date.
2023-06-01 07:24:32 Checking for update using Github
2023-06-02 11:09:34 Loading updated app package /home/crybot/.config/obsidian/obsidian-1.3.4.asar
2023-06-02 11:09:35 Checking for update using Github
2023-06-02 11:09:36 Success.
2023-06-02 11:09:36 Latest version is 1.3.5
2023-06-02 11:09:36 Downloading update from https://github.com/obsidianmd/obsidian-releases/releases/download/v1.3.5/obsidian-1.3.5.asar.gz
2023-06-02 11:09:37 Verifying hash & signature. Size= 7610287
2023-06-02 11:09:37 Saving file
2023-06-02 11:09:38 Update complete.
2023-06-02 12:09:35 Checking for update using Github
2023-06-02 12:09:35 Success.
2023-06-02 12:09:35 Latest version is 1.3.5
2023-06-02 12:09:35 An update is already downloaded.
2023-06-02 13:09:35 Checking for update using Github
2023-06-02 13:09:35 Success.
2023-06-02 13:09:35 Latest version is 1.3.5
2023-06-02 13:09:35 An update is already downloaded.
2023-06-02 14:43:46 Loading updated app package /home/crybot/.config/obsidian/obsidian-1.3.5.asar
2023-06-02 14:43:47 Checking for update using Github
2023-06-02 14:43:47 Success.
2023-06-02 14:43:47 Latest version is 1.3.5
2023-06-02 14:43:47 App is up to date.
2023-06-03 20:52:30 Loading updated app package /home/crybot/.config/obsidian/obsidian-1.3.5.asar
2023-06-03 20:52:31 Checking for update using Github
2023-06-03 20:52:31 Success.
2023-06-03 20:52:31 Latest version is 1.3.5
2023-06-03 20:52:31 App is up to date.
2023-06-17 12:35:40 Loading updated app package /home/crybot/.config/obsidian/obsidian-1.3.5.asar
2023-06-17 12:35:41 Checking for update using Github
2023-06-17 12:35:41 Success.
2023-06-17 12:35:41 Latest version is 1.3.5
2023-06-17 12:35:41 App is up to date.
2023-06-17 12:47:57 Loading updated app package /home/crybot/.config/obsidian/obsidian-1.3.5.asar
2023-06-17 12:47:58 Checking for update using Github
2023-06-17 12:47:58 Success.
2023-06-17 12:47:58 Latest version is 1.3.5
2023-06-17 12:47:58 App is up to date.
2023-06-17 12:59:25 Loading updated app package /home/crybot/.config/obsidian/obsidian-1.3.5.asar
2023-06-17 12:59:26 Checking for update using Github
2023-06-17 12:59:26 Success.
2023-06-17 12:59:26 Latest version is 1.3.5
2023-06-17 12:59:26 App is up to date.
2023-06-17 14:57:52 Loading updated app package /home/crybot/.config/obsidian/obsidian-1.3.5.asar
2023-06-17 14:57:53 Checking for update using Github
2023-06-17 14:57:53 Success.
2023-06-17 14:57:53 Latest version is 1.3.5
2023-06-17 14:57:53 App is up to date.
